Arguments: 
  C:\Program Files\nodejs\node.exe C:\Program Files (x86)\Yarn\bin\yarn.js add socket.io-client

PATH: 
  C:\Program Files (x86)\Intel\iCLS Client\;C:\Program Files\Intel\iCLS Client\;C:\Windows\system32;C:\Windows;C:\Windows\System32\Wbem;C:\Windows\System32\WindowsPowerShell\v1.0\;C:\Windows\System32\OpenSSH\;C:\Program Files (x86)\Intel\Intel(R) Management Engine Components\DAL;C:\Program Files\Intel\Intel(R) Management Engine Components\DAL;C:\Program Files (x86)\Intel\Intel(R) Management Engine Components\IPT;C:\Program Files\Intel\Intel(R) Management Engine Components\IPT;C:\Program Files (x86)\NVIDIA Corporation\PhysX\Common;C:\Program Files\Intel\WiFi\bin\;C:\Program Files\Common Files\Intel\WirelessCommon\;C:\MinGW\bin;C:\Program Files\Java\jdk-12.0.2\bin;C:\WINDOWS\system32;C:\WINDOWS;C:\WINDOWS\System32\Wbem;C:\WINDOWS\System32\WindowsPowerShell\v1.0\;C:\WINDOWS\System32\OpenSSH\;C:\Users\asus\Desktop\flutter\bin;C:\Program Files\nodejs\node_modules\npm;C:\Program Files (x86)\Yarn\bin\;C:\Users\asus\AppData\Local\MongoDBCompassCommunity;C:\Program Files\MongoDB\Server\4.2\bin;C:\Program Files\nodejs\;C:\Users\asus\Scripts\;C:\Users\asus\;C:\Users\asus\AppData\Local\Microsoft\WindowsApps;C:\Users\asus\AppData\Local\Programs\Microsoft VS Code\bin;C:\MinGW\bin;C:\Program Files\Java\jdk-12.0.2\bin;C:\Users\asus\Desktop\flutter\bin;C:\Users\asus\AppData\Local\Yarn\bin\;C:\Program Files\MongoDB\Server\4.2\bin;C:\Users\asus\AppData\Roaming\npm;C:\Users\asus\Desktop\Courses\ngrok;

Yarn version: 
  1.22.4

Node version: 
  12.19.0

Platform: 
  win32 x64

Trace: 
  Error: EPERM: operation not permitted, unlink 'C:\Users\asus\Desktop\Courses\react-native-project\api\node_modules\bufferutil\prebuilds\win32-x64\node.napi.node'

npm manifest: 
  {
    "name": "api",
    "version": "1.0.0",
    "description": "",
    "main": "index.js",
    "scripts": {
      "test": "echo \"Error: no test specified\" && exit 1",
      "dev": "nodemon server.js"
    },
    "author": "adit",
    "license": "ISC",
    "dependencies": {
      "@google-cloud/firestore": "^4.9.1",
      "config": "^3.3.3",
      "express": "^4.17.1",
      "firebase-admin": "^9.4.2",
      "mongoose": "^5.11.14",
      "morgan": "^1.10.0",
      "nodemon": "^2.0.7",
      "peer": "^0.6.1",
      "socket.io": "^3.1.0",
      "uuid": "^8.3.2",
      "websocket": "^1.0.33",
      "ws": "^7.4.2"
    }
  }

yarn manifest: 
  No manifest

Lockfile: 
  No lockfile
